#
# There is insufficient memory for the Java Runtime Environment to continue.
# Native memory allocation (malloc) failed to allocate 580656 bytes for Chunk::new
# Possible reasons:
#   The system is out of physical RAM or swap space
#   In 32 bit mode, the process size limit was hit
# Possible solutions:
#   Reduce memory load on the system
#   Increase physical memory or swap space
#   Check if swap backing store is full
#   Use 64 bit Java on a 64 bit OS
#   Decrease Java heap size (-Xmx/-Xms)
#   Decrease number of Java threads
#   Decrease Java thread stack sizes (-Xss)
#   Set larger code cache with -XX:ReservedCodeCacheSize=
# This output file may be truncated or incomplete.
#
#  Out of Memory Error (allocation.cpp:390), pid=7560, tid=0x0000000000001bac
#
# JRE version: OpenJDK Runtime Environment (8.0_76-b03) (build 1.8.0_76-release-b03)
# Java VM: OpenJDK 64-Bit Server VM (25.76-b03 mixed mode windows-amd64 compressed oops)
# Failed to write core dump. Minidumps are not enabled by default on client versions of Windows
#

---------------  T H R E A D  ---------------

Current thread (0x0000000016c2d000):  JavaThread "C2 CompilerThread1" daemon [_thread_in_native, id=7084, stack(0x00000000182d0000,0x00000000183d0000)]

Stack: [0x00000000182d0000,0x00000000183d0000]
[error occurred during error reporting (printing stack bounds), id 0xc0000005]

Native frames: (J=compiled Java code, j=interpreted, Vv=VM code, C=native code)


Current CompileTask:
C2:  98676 15140       4       com.android.dx.ssa.back.FirstFitLocalCombiningAllocator::fitPlanForRange (250 bytes)


---------------  P R O C E S S  ---------------

Java Threads: ( => current thread )
  0x000000001e025800 JavaThread "pool-7-thread-1" [_thread_in_Java, id=8332, stack(0x0000000024c50000,0x0000000024d50000)]
  0x000000001e01b000 JavaThread "pool-8-thread-4" [_thread_in_Java, id=2440, stack(0x0000000024b50000,0x0000000024c50000)]
  0x000000001e01c800 JavaThread "pool-8-thread-3" [_thread_blocked, id=8116, stack(0x0000000024a50000,0x0000000024b50000)]
  0x000000001e01c000 JavaThread "pool-8-thread-2" [_thread_in_Java, id=7292, stack(0x0000000024950000,0x0000000024a50000)]
  0x000000001e022000 JavaThread "pool-9-thread-1" [_thread_blocked, id=11216, stack(0x0000000024850000,0x0000000024950000)]
  0x000000001e021000 JavaThread "pool-8-thread-1" [_thread_in_Java, id=6988, stack(0x0000000024750000,0x0000000024850000)]
  0x000000001e01e000 JavaThread "pool-6-thread-1" [_thread_blocked, id=3388, stack(0x0000000024650000,0x0000000024750000)]
  0x000000001e01d800 JavaThread "RMI TCP Connection(idle)" daemon [_thread_blocked, id=3672, stack(0x0000000023a50000,0x0000000023b50000)]
  0x000000001c514000 JavaThread "RMI Reaper" [_thread_blocked, id=7232, stack(0x0000000023950000,0x0000000023a50000)]
  0x000000001c518800 JavaThread "RMI TCP Accept-0" daemon [_thread_in_native, id=3280, stack(0x0000000023850000,0x0000000023950000)]
  0x000000001c517800 JavaThread "GC Daemon" daemon [_thread_blocked, id=11624, stack(0x0000000023750000,0x0000000023850000)]
  0x000000001c515800 JavaThread "RMI Scheduler(0)" daemon [_thread_blocked, id=2016, stack(0x0000000023550000,0x0000000023650000)]
  0x000000001c512800 JavaThread "pool-4-thread-1" [_thread_blocked, id=11468, stack(0x000000001f0e0000,0x000000001f1e0000)]
  0x000000001c513000 JavaThread "pool-2-thread-1" [_thread_blocked, id=5288, stack(0x000000001eb10000,0x000000001ec10000)]
  0x000000001c511800 JavaThread "File lock request listener" [_thread_in_native, id=1280, stack(0x000000001d990000,0x000000001da90000)]
  0x00000000197b7000 JavaThread "Asynchronous log dispatcher for org.gradle.launcher.daemon.server.DefaultDaemonConnection@584f9efb" [_thread_blocked, id=10528, stack(0x000000001adf0000,0x000000001aef0000)]
  0x0000000019860000 JavaThread "Daemon worker" [_thread_blocked, id=6692, stack(0x000000001acf0000,0x000000001adf0000)]
  0x000000001985e000 JavaThread "Cancel handler" [_thread_blocked, id=11976, stack(0x000000001abf0000,0x000000001acf0000)]
  0x00000000196ef000 JavaThread "Handler for socket connection from /127.0.0.1:53932 to /127.0.0.1:53933" [_thread_in_native, id=5384, stack(0x000000001aaf0000,0x000000001abf0000)]
  0x00000000196ec000 JavaThread "Daemon" [_thread_blocked, id=9984, stack(0x000000001a9f0000,0x000000001aaf0000)]
  0x000000001981c000 JavaThread "pool-1-thread-1" [_thread_blocked, id=8728, stack(0x000000001a8f0000,0x000000001a9f0000)]
  0x0000000018522000 JavaThread "Incoming local TCP Connector on port 53932" [_thread_in_native, id=9272, stack(0x00000000192d0000,0x00000000193d0000)]
  0x0000000018404000 JavaThread "Service Thread" daemon [_thread_blocked, id=8680, stack(0x00000000188d0000,0x00000000189d0000)]
  0x00000000183d2000 JavaThread "C1 CompilerThread2" daemon [_thread_blocked, id=10060, stack(0x00000000187d0000,0x00000000188d0000)]
=>0x0000000016c2d000 JavaThread "C2 CompilerThread1" daemon [_thread_in_native, id=7084, stack(0x00000000182d0000,0x00000000183d0000)]
  0x0000000016c2b800 JavaThread "C2 CompilerThread0" daemon [_thread_blocked, id=5620, stack(0x00000000181d0000,0x00000000182d0000)]
  0x0000000016c2a000 JavaThread "Attach Listener" daemon [_thread_blocked, id=12112, stack(0x00000000180d0000,0x00000000181d0000)]
  0x0000000016c79800 JavaThread "Signal Dispatcher" daemon [_thread_blocked, id=2572, stack(0x0000000017fd0000,0x00000000180d0000)]
  0x0000000016c08800 JavaThread "Finalizer" daemon [_thread_blocked, id=12256, stack(0x0000000017e70000,0x0000000017f70000)]
  0x00000000032a2000 JavaThread "Reference Handler" daemon [_thread_blocked, id=3276, stack(0x0000000017d70000,0x0000000017e70000)]
  0x00000000031b0800 JavaThread "main" [_thread_blocked, id=10352, stack(0x0000000002cc0000,0x0000000002dc0000)]

Other Threads:
  0x0000000016be4000 VMThread [stack: 0x0000000017c70000,0x0000000017d70000] [id=9660]
  0x0000000018406000 WatcherThread [stack: 0x00000000189d0000,0x0000000018ad0000] [id=9040]

VM state:not at safepoint (normal execution)

VM Mutex/Monitor currently owned by a thread: None

Heap:
 PSYoungGen      total 372736K, used 147191K [0x00000000e0000000, 0x00000000ffb00000, 0x0000000100000000)
  eden space 227328K, 14% used [0x00000000e0000000,0x00000000e1f95d50,0x00000000ede00000)
  from space 145408K, 78% used [0x00000000ede00000,0x00000000f4e28208,0x00000000f6c00000)
  to   space 145408K, 0% used [0x00000000f6c00000,0x00000000f6c00000,0x00000000ffa00000)
 ParOldGen       total 1048576K, used 848423K [0x00000000a0000000, 0x00000000e0000000, 0x00000000e0000000)
  object space 1048576K, 80% used [0x00000000a0000000,0x00000000d3c89e50,0x00000000e0000000)
 Metaspace       used 68136K, capacity 69678K, committed 70016K, reserved 1110016K
  class space    used 8660K, capacity 9019K, committed 9088K, reserved 1048576K

Card table byte_map: [0x0000000012670000,0x0000000012980000] byte_map_base: 0x0000000012170000

Marking Bits: (ParMarkBitMap*) 0x00000000688e9d00
 Begin Bits: [0x0000000012f80000, 0x0000000014780000)
 End Bits:   [0x0000000014780000, 0x0000000015f80000)

Polling page: 0x0000000001060000

CodeCache: size=245760Kb used=41234Kb max_used=43219Kb free=204525Kb
 bounds [0x00000000032b0000, 0x0000000005db0000, 0x00000000122b0000]
 total_blobs=12321 nmethods=11538 adapters=693
 compilation: enabled

Compilation events (10 events):
Event: 98.401 Thread 0x00000000183d2000 15143       3       java.util.Date::normalize (269 bytes)
Event: 98.403 Thread 0x00000000183d2000 nmethod 15143 0x00000000057bf010 code [0x00000000057bf480, 0x00000000057c2f98]
Event: 98.406 Thread 0x00000000183d2000 15144       3       com.android.dx.rop.type.Type::getClassName (94 bytes)
Event: 98.407 Thread 0x00000000183d2000 nmethod 15144 0x0000000005546750 code [0x0000000005546980, 0x0000000005547758]
Event: 98.407 Thread 0x00000000183d2000 15145   !   3       com.android.dx.command.dexer.Main$DirectClassFileConsumer::call (456 bytes)
Event: 98.409 Thread 0x00000000183d2000 nmethod 15145 0x00000000053e3910 code [0x00000000053e3dc0, 0x00000000053e6fd8]
Event: 98.409 Thread 0x00000000183d2000 15146       3       com.android.dx.cf.direct.StdAttributeFactory::sourceFile (94 bytes)
Event: 98.411 Thread 0x00000000183d2000 nmethod 15146 0x0000000005236b50 code [0x0000000005236fc0, 0x00000000052398a8]
Event: 98.632 Thread 0x0000000016c2b800 15147       4       com.android.dx.rop.annotation.NameValuePair::<init> (43 bytes)
Event: 98.633 Thread 0x0000000016c2b800 nmethod 15147 0x0000000003762d10 code [0x0000000003762e40, 0x0000000003762ef8]

GC Heap History (10 events):
Event: 87.793 GC heap before
{Heap before GC invocations=51 (full 11):
 PSYoungGen      total 372736K, used 227328K [0x00000000e0000000, 0x00000000ffb00000, 0x0000000100000000)
  eden space 227328K, 100% used [0x00000000e0000000,0x00000000ede00000,0x00000000ede00000)
  from space 145408K, 0% used [0x00000000f6c00000,0x00000000f6c00000,0x00000000ffa00000)
  to   space 145408K, 0% used [0x00000000ede00000,0x00000000ede00000,0x00000000f6c00000)
 ParOldGen       total 848896K, used 846999K [0x00000000a0000000, 0x00000000d3d00000, 0x00000000e0000000)
  object space 848896K, 99% used [0x00000000a0000000,0x00000000d3b25e50,0x00000000d3d00000)
 Metaspace       used 68132K, capacity 69678K, committed 70016K, reserved 1110016K
  class space    used 8660K, capacity 9019K, committed 9088K, reserved 1048576K
Event: 91.064 GC heap after
Heap after GC invocations=51 (full 11):
 PSYoungGen      total 372736K, used 27861K [0x00000000e0000000, 0x00000000ffb00000, 0x0000000100000000)
  eden space 227328K, 12% used [0x00000000e0000000,0x00000000e1b35760,0x00000000ede00000)
  from space 145408K, 0% used [0x00000000f6c00000,0x00000000f6c00000,0x00000000ffa00000)
  to   space 145408K, 0% used [0x00000000ede00000,0x00000000ede00000,0x00000000f6c00000)
 ParOldGen       total 848896K, used 848861K [0x00000000a0000000, 0x00000000d3d00000, 0x00000000e0000000)
  object space 848896K, 99% used [0x00000000a0000000,0x00000000d3cf7760,0x00000000d3d00000)
 Metaspace       used 68132K, capacity 69678K, committed 70016K, reserved 1110016K
  class space    used 8660K, capacity 9019K, committed 9088K, reserved 1048576K
}
Event: 91.263 GC heap before
{Heap before GC invocations=52 (full 12):
 PSYoungGen      total 372736K, used 227328K [0x00000000e0000000, 0x00000000ffb00000, 0x0000000100000000)
  eden space 227328K, 100% used [0x00000000e0000000,0x00000000ede00000,0x00000000ede00000)
  from space 145408K, 0% used [0x00000000f6c00000,0x00000000f6c00000,0x00000000ffa00000)
  to   space 145408K, 0% used [0x00000000ede00000,0x00000000ede00000,0x00000000f6c00000)
 ParOldGen       total 848896K, used 848861K [0x00000000a0000000, 0x00000000d3d00000, 0x00000000e0000000)
  object space 848896K, 99% used [0x00000000a0000000,0x00000000d3cf7760,0x00000000d3d00000)
 Metaspace       used 68132K, capacity 69678K, committed 70016K, reserved 1110016K
  class space    used 8660K, capacity 9019K, committed 9088K, reserved 1048576K
Event: 93.282 GC heap after
Heap after GC invocations=52 (full 12):
 PSYoungGen      total 372736K, used 57286K [0x00000000e0000000, 0x00000000ffb00000, 0x0000000100000000)
  eden space 227328K, 25% used [0x00000000e0000000,0x00000000e37f1b80,0x00000000ede00000)
  from space 145408K, 0% used [0x00000000f6c00000,0x00000000f6c00000,0x00000000ffa00000)
  to   space 145408K, 0% used [0x00000000ede00000,0x00000000ede00000,0x00000000f6c00000)
 ParOldGen       total 848896K, used 848684K [0x00000000a0000000, 0x00000000d3d00000, 0x00000000e0000000)
  object space 848896K, 99% used [0x00000000a0000000,0x00000000d3ccb180,0x00000000d3d00000)
 Metaspace       used 68132K, capacity 69678K, committed 70016K, reserved 1110016K
  class space    used 8660K, capacity 9019K, committed 9088K, reserved 1048576K
}
Event: 93.423 GC heap before
{Heap before GC invocations=53 (full 13):
 PSYoungGen      total 372736K, used 227328K [0x00000000e0000000, 0x00000000ffb00000, 0x0000000100000000)
  eden space 227328K, 100% used [0x00000000e0000000,0x00000000ede00000,0x00000000ede00000)
  from space 145408K, 0% used [0x00000000f6c00000,0x00000000f6c00000,0x00000000ffa00000)
  to   space 145408K, 0% used [0x00000000ede00000,0x00000000ede00000,0x00000000f6c00000)
 ParOldGen       total 848896K, used 848684K [0x00000000a0000000, 0x00000000d3d00000, 0x00000000e0000000)
  object space 848896K, 99% used [0x00000000a0000000,0x00000000d3ccb180,0x00000000d3d00000)
 Metaspace       used 68136K, capacity 69678K, committed 70016K, reserved 1110016K
  class space    used 8660K, capacity 9019K, committed 9088K, reserved 1048576K
Event: 96.318 GC heap after
Heap after GC invocations=53 (full 13):
 PSYoungGen      total 372736K, used 73639K [0x00000000e0000000, 0x00000000ffb00000, 0x0000000100000000)
  eden space 227328K, 32% used [0x00000000e0000000,0x00000000e47e9eb0,0x00000000ede00000)
  from space 145408K, 0% used [0x00000000f6c00000,0x00000000f6c00000,0x00000000ffa00000)
  to   space 145408K, 0% used [0x00000000ede00000,0x00000000ede00000,0x00000000f6c00000)
 ParOldGen       total 848896K, used 848424K [0x00000000a0000000, 0x00000000d3d00000, 0x00000000e0000000)
  object space 848896K, 99% used [0x00000000a0000000,0x00000000d3c8a3b0,0x00000000d3d00000)
 Metaspace       used 68136K, capacity 69678K, committed 70016K, reserved 1110016K
  class space    used 8660K, capacity 9019K, committed 9088K, reserved 1048576K
}
Event: 96.421 GC heap before
{Heap before GC invocations=54 (full 14):
 PSYoungGen      total 372736K, used 227328K [0x00000000e0000000, 0x00000000ffb00000, 0x0000000100000000)
  eden space 227328K, 100% used [0x00000000e0000000,0x00000000ede00000,0x00000000ede00000)
  from space 145408K, 0% used [0x00000000f6c00000,0x00000000f6c00000,0x00000000ffa00000)
  to   space 145408K, 0% used [0x00000000ede00000,0x00000000ede00000,0x00000000f6c00000)
 ParOldGen       total 848896K, used 848424K [0x00000000a0000000, 0x00000000d3d00000, 0x00000000e0000000)
  object space 848896K, 99% used [0x00000000a0000000,0x00000000d3c8a3b0,0x00000000d3d00000)
 Metaspace       used 68136K, capacity 69678K, committed 70016K, reserved 1110016K
  class space    used 8660K, capacity 9019K, committed 9088K, reserved 1048576K
Event: 98.323 GC heap after
Heap after GC invocations=54 (full 14):
 PSYoungGen      total 372736K, used 95114K [0x00000000e0000000, 0x00000000ffb00000, 0x0000000100000000)
  eden space 227328K, 41% used [0x00000000e0000000,0x00000000e5ce2800,0x00000000ede00000)
  from space 145408K, 0% used [0x00000000f6c00000,0x00000000f6c00000,0x00000000ffa00000)
  to   space 145408K, 0% used [0x00000000ede00000,0x00000000ede00000,0x00000000f6c00000)
 ParOldGen       total 1048576K, used 848423K [0x00000000a0000000, 0x00000000e0000000, 0x00000000e0000000)
  object space 1048576K, 80% used [0x00000000a0000000,0x00000000d3c89e50,0x00000000e0000000)
 Metaspace       used 68136K, capacity 69678K, committed 70016K, reserved 1110016K
  class space    used 8660K, capacity 9019K, committed 9088K, reserved 1048576K
}
Event: 98.420 GC heap before
{Heap before GC invocations=55 (full 14):
 PSYoungGen      total 372736K, used 227328K [0x00000000e0000000, 0x00000000ffb00000, 0x0000000100000000)
  eden space 227328K, 100% used [0x00000000e0000000,0x00000000ede00000,0x00000000ede00000)
  from space 145408K, 0% used [0x00000000f6c00000,0x00000000f6c00000,0x00000000ffa00000)
  to   space 145408K, 0% used [0x00000000ede00000,0x00000000ede00000,0x00000000f6c00000)
 ParOldGen       total 1048576K, used 848423K [0x00000000a0000000, 0x00000000e0000000, 0x00000000e0000000)
  object space 1048576K, 80% used [0x00000000a0000000,0x00000000d3c89e50,0x00000000e0000000)
 Metaspace       used 68136K, capacity 69678K, committed 70016K, reserved 1110016K
  class space    used 8660K, capacity 9019K, committed 9088K, reserved 1048576K
Event: 98.610 GC heap after
Heap after GC invocations=55 (full 14):
 PSYoungGen      total 372736K, used 114848K [0x00000000e0000000, 0x00000000ffb00000, 0x0000000100000000)
  eden space 227328K, 0% used [0x00000000e0000000,0x00000000e0000000,0x00000000ede00000)
  from space 145408K, 78% used [0x00000000ede00000,0x00000000f4e28208,0x00000000f6c00000)
  to   space 145408K, 0% used [0x00000000f6c00000,0x00000000f6c00000,0x00000000ffa00000)
 ParOldGen       total 1048576K, used 848423K [0x00000000a0000000, 0x00000000e0000000, 0x00000000e0000000)
  object space 1048576K, 80% used [0x00000000a0000000,0x00000000d3c89e50,0x00000000e0000000)
 Metaspace       used 68136K, capacity 69678K, committed 70016K, reserved 1110016K
  class space    used 8660K, capacity 9019K, committed 9088K, reserved 1048576K
}

Deoptimization events (10 events):
Event: 87.533 Thread 0x000000001e01c800 Uncommon trap: reason=bimorphic action=maybe_recompile pc=0x0000000005d52908 method=com.android.dx.cf.code.BytecodeArray.parseInstruction(ILcom/android/dx/cf/code/BytecodeArray$Visitor;)I @ 891
Event: 87.533 Thread 0x000000001e01c800 Uncommon trap: reason=bimorphic action=maybe_recompile pc=0x0000000005d52908 method=com.android.dx.cf.code.BytecodeArray.parseInstruction(ILcom/android/dx/cf/code/BytecodeArray$Visitor;)I @ 891
Event: 87.555 Thread 0x000000001e025800 Uncommon trap: reason=unstable_if action=reinterpret pc=0x0000000004ecd03c method=com.android.dx.dex.file.DexFile.internIfAppropriate(Lcom/android/dx/rop/cst/Constant;)V @ 70
Event: 91.077 Thread 0x000000001e01c000 Uncommon trap: reason=unstable_if action=reinterpret pc=0x00000000054b38f8 method=java.util.BitSet.nextClearBit(I)I @ 91
Event: 91.127 Thread 0x000000001e01c800 Uncommon trap: reason=unstable_if action=reinterpret pc=0x00000000055e7038 method=com.android.dx.ssa.SsaMethod.makeExitBlock()V @ 103
Event: 91.127 Thread 0x000000001e01c800 Uncommon trap: reason=unstable_if action=reinterpret pc=0x00000000058b23e8 method=com.android.dx.ssa.SsaMethod.getExitBlock()Lcom/android/dx/ssa/SsaBasicBlock; @ 4
Event: 91.127 Thread 0x000000001e01c800 Uncommon trap: reason=unstable_if action=reinterpret pc=0x00000000054d3db4 method=com.android.dx.ssa.SsaMethod.getExitBlock()Lcom/android/dx/ssa/SsaBasicBlock; @ 4
Event: 91.127 Thread 0x000000001e01c800 Uncommon trap: reason=unstable_if action=reinterpret pc=0x0000000005491e24 method=com.android.dx.ssa.SsaMethod.getExitBlock()Lcom/android/dx/ssa/SsaBasicBlock; @ 4
Event: 91.153 Thread 0x000000001e025800 Uncommon trap: reason=unstable_if action=reinterpret pc=0x0000000005911578 method=com.android.dx.dex.code.OutputFinisher.addConstants(Ljava/util/HashSet;Lcom/android/dx/rop/code/RegisterSpec;)V @ 32
Event: 93.292 Thread 0x000000001e01c000 Uncommon trap: reason=unstable_if action=reinterpret pc=0x0000000005295434 method=java.util.BitSet.nextClearBit(I)I @ 91

Internal exceptions (10 events):
Event: 57.304 Thread 0x0000000019860000 Implicit null exception at 0x0000000004ec9c92 to 0x0000000004eca1e1
Event: 62.348 Thread 0x000000001e01b000 Implicit null exception at 0x00000000052b8507 to 0x00000000052b9b59
Event: 63.928 Thread 0x000000001e01e000 Implicit null exception at 0x00000000056748ec to 0x0000000005675279
Event: 65.541 Thread 0x000000001e01c800 Implicit null exception at 0x0000000004041393 to 0x0000000004043675
Event: 65.547 Thread 0x000000001e01c800 Implicit null exception at 0x000000000564a0ea to 0x000000000564a2a9
Event: 65.764 Thread 0x000000001e01b000 Implicit null exception at 0x00000000057f1b4d to 0x00000000057f1f19
Event: 66.985 Thread 0x000000001e021000 Implicit null exception at 0x00000000054b48c9 to 0x00000000054b4bad
Event: 66.985 Thread 0x000000001e021000 Implicit null exception at 0x00000000056f8a1b to 0x00000000056f8cd9
Event: 68.783 Thread 0x000000001e01c800 Implicit null exception at 0x00000000058e14f1 to 0x00000000058e176f
Event: 72.328 Thread 0x000000001e01b000 Implicit null exception at 0x00000000056dfd40 to 0x00000000056e13c5

Events (10 events):
Event: 93.282 Executing VM operation: ParallelGCFailedAllocation done
Event: 93.292 Thread 0x000000001e01c000 Uncommon trap: trap_request=0xffffff65 fr.pc=0x0000000005295434
Event: 93.292 Thread 0x000000001e01c000 DEOPT PACKING pc=0x0000000005295434 sp=0x0000000024a4e500
Event: 93.292 Thread 0x000000001e01c000 DEOPT UNPACKING pc=0x00000000032f556a sp=0x0000000024a4e410 mode 2
Event: 93.423 Executing VM operation: ParallelGCFailedAllocation
Event: 96.318 Executing VM operation: ParallelGCFailedAllocation done
Event: 96.421 Executing VM operation: ParallelGCFailedAllocation
Event: 98.323 Executing VM operation: ParallelGCFailedAllocation done
Event: 98.420 Executing VM operation: ParallelGCFailedAllocation
Event: 98.610 Executing VM operation: ParallelGCFailedAllocation done


Dynamic libraries:
0x00007ff6b79c0000 - 0x00007ff6b79f1000 	E:\Program Files\Android\Android Studio\jre\bin\java.exe
0x00007ff992210000 - 0x00007ff9923e1000 	C:\WINDOWS\SYSTEM32\ntdll.dll
0x00007ff991d60000 - 0x00007ff991e0c000 	C:\WINDOWS\System32\KERNEL32.DLL
0x00007ff98f000000 - 0x00007ff98f21d000 	C:\WINDOWS\System32\KERNELBASE.dll
0x00007ff98f9b0000 - 0x00007ff98fa52000 	C:\WINDOWS\System32\ADVAPI32.dll
0x00007ff991890000 - 0x00007ff99192e000 	C:\WINDOWS\System32\msvcrt.dll
0x00007ff98f810000 - 0x00007ff98f869000 	C:\WINDOWS\System32\sechost.dll
0x00007ff9916a0000 - 0x00007ff9917c1000 	C:\WINDOWS\System32\RPCRT4.dll
0x00007ff991290000 - 0x00007ff9913f5000 	C:\WINDOWS\System32\USER32.dll
0x00007ff98e700000 - 0x00007ff98e71e000 	C:\WINDOWS\System32\win32u.dll
0x00007ff98fb20000 - 0x00007ff98fb54000 	C:\WINDOWS\System32\GDI32.dll
0x00007ff98f610000 - 0x00007ff98f792000 	C:\WINDOWS\System32\gdi32full.dll
0x00007ff984140000 - 0x00007ff9843ba000 	C:\WINDOWS\WinSxS\amd64_microsoft.windows.common-controls_6595b64144ccf1df_6.0.14393.953_none_42151e83c686086b\COMCTL32.dll
0x00007ff991e80000 - 0x00007ff992148000 	C:\WINDOWS\System32\combase.dll
0x00007ff98f510000 - 0x00007ff98f605000 	C:\WINDOWS\System32\ucrtbase.dll
0x00007ff98f4a0000 - 0x00007ff98f50a000 	C:\WINDOWS\System32\bcryptPrimitives.dll
0x00007ff991560000 - 0x00007ff99158e000 	C:\WINDOWS\System32\IMM32.DLL
0x0000000068050000 - 0x0000000068122000 	E:\Program Files\Android\Android Studio\jre\jre\bin\msvcr100.dll
0x0000000068130000 - 0x0000000068964000 	E:\Program Files\Android\Android Studio\jre\jre\bin\server\jvm.dll
0x00007ff991280000 - 0x00007ff991288000 	C:\WINDOWS\System32\PSAPI.DLL
0x00007ff98ca10000 - 0x00007ff98ca33000 	C:\WINDOWS\SYSTEM32\WINMM.dll
0x00007ff97a770000 - 0x00007ff97a779000 	C:\WINDOWS\SYSTEM32\WSOCK32.dll
0x00007ff9863e0000 - 0x00007ff9863ea000 	C:\WINDOWS\SYSTEM32\VERSION.dll
0x00007ff98c9b0000 - 0x00007ff98c9db000 	C:\WINDOWS\SYSTEM32\WINMMBASE.dll
0x00007ff98f280000 - 0x00007ff98f2c2000 	C:\WINDOWS\System32\cfgmgr32.dll
0x00007ff991e10000 - 0x00007ff991e7a000 	C:\WINDOWS\System32\ws2_32.DLL
0x00007ff97dce0000 - 0x00007ff97dcef000 	E:\Program Files\Android\Android Studio\jre\jre\bin\verify.dll
0x00007ff96ea10000 - 0x00007ff96ea39000 	E:\Program Files\Android\Android Studio\jre\jre\bin\java.dll
0x00007ff96e9f0000 - 0x00007ff96ea06000 	E:\Program Files\Android\Android Studio\jre\jre\bin\zip.dll
0x00007ff98fd10000 - 0x00007ff991218000 	C:\WINDOWS\System32\SHELL32.dll
0x00007ff98e870000 - 0x00007ff98ef4a000 	C:\WINDOWS\System32\windows.storage.dll
0x00007ff98e690000 - 0x00007ff98e6dc000 	C:\WINDOWS\System32\powrprof.dll
0x00007ff9921b0000 - 0x00007ff992202000 	C:\WINDOWS\System32\shlwapi.dll
0x00007ff98e6f0000 - 0x00007ff98e6ff000 	C:\WINDOWS\System32\kernel.appcore.dll
0x00007ff98ef50000 - 0x00007ff98eff9000 	C:\WINDOWS\System32\shcore.dll
0x00007ff98e670000 - 0x00007ff98e684000 	C:\WINDOWS\System32\profapi.dll
0x00007ff96e9d0000 - 0x00007ff96e9ea000 	E:\Program Files\Android\Android Studio\jre\jre\bin\net.dll
0x00007ff98df40000 - 0x00007ff98df9c000 	C:\WINDOWS\system32\mswsock.dll
0x00007ff96e9b0000 - 0x00007ff96e9c1000 	E:\Program Files\Android\Android Studio\jre\jre\bin\nio.dll
0x00007ff97d970000 - 0x00007ff97d982000 	C:\Users\jdrd\.gradle\native\19\windows-amd64\native-platform.dll
0x00007ff98e0e0000 - 0x00007ff98e0f7000 	C:\WINDOWS\SYSTEM32\CRYPTSP.dll
0x00007ff98db40000 - 0x00007ff98db73000 	C:\WINDOWS\system32\rsaenh.dll
0x00007ff98e5b0000 - 0x00007ff98e5db000 	C:\WINDOWS\SYSTEM32\bcrypt.dll
0x00007ff98ddc0000 - 0x00007ff98dddf000 	C:\WINDOWS\SYSTEM32\USERENV.dll
0x00007ff98e100000 - 0x00007ff98e10b000 	C:\WINDOWS\SYSTEM32\CRYPTBASE.dll
0x00007ff98dcc0000 - 0x00007ff98dcf8000 	C:\WINDOWS\SYSTEM32\IPHLPAPI.DLL
0x00007ff98fb60000 - 0x00007ff98fb68000 	C:\WINDOWS\System32\NSI.dll
0x00007ff987b30000 - 0x00007ff987b46000 	C:\WINDOWS\SYSTEM32\dhcpcsvc6.DLL
0x00007ff987b00000 - 0x00007ff987b1a000 	C:\WINDOWS\SYSTEM32\dhcpcsvc.DLL
0x00007ff97c0b0000 - 0x00007ff97c0bd000 	E:\Program Files\Android\Android Studio\jre\jre\bin\management.dll
0x00007ff98b360000 - 0x00007ff98b37e000 	C:\Users\jdrd\AppData\Local\Temp\native-platform4570878087344025248dir\native-platform.dll
0x00007ff98cc10000 - 0x00007ff98cc8a000 	C:\WINDOWS\system32\apphelp.dll

VM Arguments:
jvm_args: -Xmx1536m -Dfile.encoding=GBK -Duser.country=CN -Duser.language=zh -Duser.variant 
java_command: org.gradle.launcher.daemon.bootstrap.GradleDaemon 2.14.1
java_class_path (initial): E:\Program Files\Android\Android Studio\gradle\gradle-2.14.1\lib\gradle-launcher-2.14.1.jar
Launcher Type: SUN_STANDARD

Environment Variables:
PATH=C:\ProgramData\Oracle\Java\javapath;C:\WINDOWS\system32;C:\WINDOWS;C:\WINDOWS\System32\Wbem;C:\WINDOWS\System32\WindowsPowerShell\v1.0\;C:\Program Files\TortoiseSVN\bin;C:\Program Files\Git\cmd;E:\adt-bundle-windows-x86_64-20140702\adt-bundle-windows-x86_64-20140702\sdk\platform-tools;C:\Users\jdrd\AppData\Local\Microsoft\WindowsApps;
USERNAME=jdrd
OS=Windows_NT
PROCESSOR_IDENTIFIER=Intel64 Family 6 Model 60 Stepping 3, GenuineIntel



---------------  S Y S T E M  ---------------

OS: Windows 10.0 , 64 bit Build 14393 (10.0.14393.1198)

CPU:total 4 (4 cores per cpu, 1 threads per core) family 6 model 60 stepping 3, cmov, cx8, fxsr, mmx, sse, sse2, sse3, ssse3, sse4.1, sse4.2, popcnt, avx, avx2, aes, clmul, erms, lzcnt, tsc, tscinvbit, bmi1, bmi2

Memory: 4k page, physical 8257344k(516004k free), swap 15728448k(4256k free)

vm_info: OpenJDK 64-Bit Server VM (25.76-b03) for windows-amd64 JRE (1.8.0_76-release-b03), built on Jun 29 2016 19:09:20 by "ralucas" with MS VC++ 10.0 (VS2010)

time: Thu Jun 08 14:34:58 2017
elapsed time: 98 seconds (0d 0h 1m 38s)

