#
# There is insufficient memory for the Java Runtime Environment to continue.
# Native memory allocation (malloc) failed to allocate 32784 bytes for Chunk::new
# Possible reasons:
#   The system is out of physical RAM or swap space
#   In 32 bit mode, the process size limit was hit
# Possible solutions:
#   Reduce memory load on the system
#   Increase physical memory or swap space
#   Check if swap backing store is full
#   Use 64 bit Java on a 64 bit OS
#   Decrease Java heap size (-Xmx/-Xms)
#   Decrease number of Java threads
#   Decrease Java thread stack sizes (-Xss)
#   Set larger code cache with -XX:ReservedCodeCacheSize=
# This output file may be truncated or incomplete.
#
#  Out of Memory Error (allocation.cpp:390), pid=13300, tid=0x0000000000003220
#
# JRE version: OpenJDK Runtime Environment (8.0_76-b03) (build 1.8.0_76-release-b03)
# Java VM: OpenJDK 64-Bit Server VM (25.76-b03 mixed mode windows-amd64 compressed oops)
# Failed to write core dump. Minidumps are not enabled by default on client versions of Windows
#

---------------  T H R E A D  ---------------

Current thread (0x000000001c059000):  JavaThread "C2 CompilerThread1" daemon [_thread_in_native, id=12832, stack(0x000000001d6b0000,0x000000001d7b0000)]

Stack: [0x000000001d6b0000,0x000000001d7b0000]
[error occurred during error reporting (printing stack bounds), id 0xc0000005]

Native frames: (J=compiled Java code, j=interpreted, Vv=VM code, C=native code)


Current CompileTask:
C2:   4869 1277       4       com.android.dx.rop.code.Rops::ropFor (771 bytes)


---------------  P R O C E S S  ---------------

Java Threads: ( => current thread )
  0x000000001da4d800 JavaThread "pool-2-thread-4" [_thread_blocked, id=12592, stack(0x000000001e2b0000,0x000000001e3b0000)]
  0x000000001da4c000 JavaThread "pool-2-thread-3" [_thread_blocked, id=11732, stack(0x000000001e1b0000,0x000000001e2b0000)]
  0x000000001d939000 JavaThread "pool-2-thread-2" [_thread_blocked, id=6584, stack(0x000000001e0b0000,0x000000001e1b0000)]
  0x000000001d932800 JavaThread "pool-3-thread-1" [_thread_blocked, id=11004, stack(0x000000001dfb0000,0x000000001e0b0000)]
  0x000000001d932000 JavaThread "pool-2-thread-1" [_thread_blocked, id=8944, stack(0x000000001deb0000,0x000000001dfb0000)]
  0x000000001d81e800 JavaThread "Service Thread" daemon [_thread_blocked, id=7532, stack(0x000000001dcb0000,0x000000001ddb0000)]
  0x000000001c05d800 JavaThread "C1 CompilerThread2" daemon [_thread_blocked, id=5644, stack(0x000000001dbb0000,0x000000001dcb0000)]
=>0x000000001c059000 JavaThread "C2 CompilerThread1" daemon [_thread_in_native, id=12832, stack(0x000000001d6b0000,0x000000001d7b0000)]
  0x000000001c056000 JavaThread "C2 CompilerThread0" daemon [_thread_blocked, id=4056, stack(0x000000001d5b0000,0x000000001d6b0000)]
  0x000000001c00b000 JavaThread "Attach Listener" daemon [_thread_blocked, id=4352, stack(0x000000001d4b0000,0x000000001d5b0000)]
  0x000000001c009800 JavaThread "Signal Dispatcher" daemon [_thread_blocked, id=472, stack(0x000000001d3b0000,0x000000001d4b0000)]
  0x0000000002925000 JavaThread "Finalizer" daemon [_thread_blocked, id=13124, stack(0x000000001d250000,0x000000001d350000)]
  0x0000000002920000 JavaThread "Reference Handler" daemon [_thread_blocked, id=3476, stack(0x000000001d150000,0x000000001d250000)]
  0x0000000002830800 JavaThread "main" [_thread_in_native, id=7184, stack(0x0000000002630000,0x0000000002730000)]

Other Threads:
  0x000000001bfc4800 VMThread [stack: 0x000000001d050000,0x000000001d150000] [id=6044]
  0x000000001d821000 WatcherThread [stack: 0x000000001ddb0000,0x000000001deb0000] [id=13060]

VM state:not at safepoint (normal execution)

VM Mutex/Monitor currently owned by a thread: None

Heap:
 PSYoungGen      total 37888K, used 13633K [0x000000076ab00000, 0x000000076d500000, 0x00000007c0000000)
  eden space 32768K, 26% used [0x000000076ab00000,0x000000076b3566e0,0x000000076cb00000)
  from space 5120K, 99% used [0x000000076cb00000,0x000000076cff9fa8,0x000000076d000000)
  to   space 5120K, 0% used [0x000000076d000000,0x000000076d000000,0x000000076d500000)
 ParOldGen       total 86016K, used 1694K [0x00000006c0000000, 0x00000006c5400000, 0x000000076ab00000)
  object space 86016K, 1% used [0x00000006c0000000,0x00000006c01a7b08,0x00000006c5400000)
 Metaspace       used 5771K, capacity 6896K, committed 7040K, reserved 1056768K
  class space    used 556K, capacity 616K, committed 640K, reserved 1048576K

Card table byte_map: [0x0000000011cf0000,0x0000000012500000] byte_map_base: 0x000000000e6f0000

Marking Bits: (ParMarkBitMap*) 0x0000000053519d00
 Begin Bits: [0x0000000012e60000, 0x0000000016e60000)
 End Bits:   [0x0000000016e60000, 0x000000001ae60000)

Polling page: 0x0000000002240000

CodeCache: size=245760Kb used=5376Kb max_used=5390Kb free=240383Kb
 bounds [0x0000000002930000, 0x0000000002e80000, 0x0000000011930000]
 total_blobs=1550 nmethods=1287 adapters=177
 compilation: enabled

Compilation events (10 events):
Event: 4.840 Thread 0x000000001c059000 1277       4       com.android.dx.rop.code.Rops::ropFor (771 bytes)
Event: 4.840 Thread 0x000000001c05d800 1286       3       java.util.HashMap::tableSizeFor (59 bytes)
Event: 4.840 Thread 0x000000001c05d800 nmethod 1286 0x0000000002e6ab10 code [0x0000000002e6ac80, 0x0000000002e6ae90]
Event: 4.840 Thread 0x000000001c05d800 1287       3       com.android.dx.dex.code.TargetInsn::<init> (29 bytes)
Event: 4.841 Thread 0x000000001c05d800 nmethod 1287 0x0000000002e6c110 code [0x0000000002e6c2a0, 0x0000000002e6c5b8]
Event: 4.845 Thread 0x000000001c056000 nmethod 1266 0x0000000002e74390 code [0x0000000002e74600, 0x0000000002e75a20]
Event: 4.846 Thread 0x000000001c056000 1288       4       com.android.dx.rop.cst.CstBaseMethodRef::compareTo0 (29 bytes)
Event: 4.851 Thread 0x000000001c056000 nmethod 1288 0x0000000002e77a50 code [0x0000000002e77be0, 0x0000000002e78518]
Event: 4.851 Thread 0x000000001c056000 1281       4       com.android.dx.rop.code.Insn::contentEquals (84 bytes)
Event: 4.860 Thread 0x000000001c056000 nmethod 1281 0x0000000002e78fd0 code [0x0000000002e79180, 0x0000000002e79eb8]

GC Heap History (2 events):
Event: 4.534 GC heap before
{Heap before GC invocations=1 (full 0):
 PSYoungGen      total 37888K, used 32768K [0x000000076ab00000, 0x000000076d500000, 0x00000007c0000000)
  eden space 32768K, 100% used [0x000000076ab00000,0x000000076cb00000,0x000000076cb00000)
  from space 5120K, 0% used [0x000000076d000000,0x000000076d000000,0x000000076d500000)
  to   space 5120K, 0% used [0x000000076cb00000,0x000000076cb00000,0x000000076d000000)
 ParOldGen       total 86016K, used 0K [0x00000006c0000000, 0x00000006c5400000, 0x000000076ab00000)
  object space 86016K, 0% used [0x00000006c0000000,0x00000006c0000000,0x00000006c5400000)
 Metaspace       used 5728K, capacity 6832K, committed 7040K, reserved 1056768K
  class space    used 556K, capacity 616K, committed 640K, reserved 1048576K
Event: 4.542 GC heap after
Heap after GC invocations=1 (full 0):
 PSYoungGen      total 37888K, used 5095K [0x000000076ab00000, 0x000000076d500000, 0x00000007c0000000)
  eden space 32768K, 0% used [0x000000076ab00000,0x000000076ab00000,0x000000076cb00000)
  from space 5120K, 99% used [0x000000076cb00000,0x000000076cff9fa8,0x000000076d000000)
  to   space 5120K, 0% used [0x000000076d000000,0x000000076d000000,0x000000076d500000)
 ParOldGen       total 86016K, used 1694K [0x00000006c0000000, 0x00000006c5400000, 0x000000076ab00000)
  object space 86016K, 1% used [0x00000006c0000000,0x00000006c01a7b08,0x00000006c5400000)
 Metaspace       used 5728K, capacity 6832K, committed 7040K, reserved 1056768K
  class space    used 556K, capacity 616K, committed 640K, reserved 1048576K
}

Deoptimization events (10 events):
Event: 4.116 Thread 0x000000001d932000 Uncommon trap: reason=unloaded action=reinterpret pc=0x0000000002bc0294 method=com.android.dx.ssa.SsaRenamer$BlockRenamer.visitMoveInsn(Lcom/android/dx/ssa/NormalSsaInsn;)V @ 208
Event: 4.116 Thread 0x000000001d932000 Uncommon trap: reason=unloaded action=reinterpret pc=0x0000000002be32f8 method=com.android.dx.ssa.SsaRenamer$BlockRenamer.visitMoveInsn(Lcom/android/dx/ssa/NormalSsaInsn;)V @ 208
Event: 4.117 Thread 0x000000001d932000 Uncommon trap: reason=unstable_if action=reinterpret pc=0x0000000002cfccac method=com.android.dx.ssa.NormalSsaInsn.getLocalAssignment()Lcom/android/dx/rop/code/RegisterSpec; @ 12
Event: 4.117 Thread 0x000000001d932000 Uncommon trap: reason=unstable_if action=reinterpret pc=0x0000000002c63d70 method=com.android.dx.ssa.NormalSsaInsn.getLocalAssignment()Lcom/android/dx/rop/code/RegisterSpec; @ 12
Event: 4.117 Thread 0x000000001d932000 Uncommon trap: reason=unstable_if action=reinterpret pc=0x0000000002c8d7f4 method=com.android.dx.ssa.NormalSsaInsn.getLocalAssignment()Lcom/android/dx/rop/code/RegisterSpec; @ 12
Event: 4.825 Thread 0x000000001d939000 Uncommon trap: reason=unstable_if action=reinterpret pc=0x0000000002e268b8 method=com.android.dx.rop.cst.CstLiteral32.equals(Ljava/lang/Object;)Z @ 12
Event: 4.825 Thread 0x000000001d939000 Uncommon trap: reason=unstable_if action=reinterpret pc=0x0000000002ddd7e4 method=com.android.dx.rop.code.RegisterSpec.equals(ILcom/android/dx/rop/type/TypeBearer;Lcom/android/dx/rop/code/LocalItem;)Z @ 16
Event: 4.825 Thread 0x000000001d939000 Uncommon trap: reason=unstable_if action=reinterpret pc=0x0000000002bddac8 method=com.android.dx.rop.code.RegisterSpec.equals(ILcom/android/dx/rop/type/TypeBearer;Lcom/android/dx/rop/code/LocalItem;)Z @ 16
Event: 4.829 Thread 0x000000001d939000 Uncommon trap: reason=unstable_if action=reinterpret pc=0x0000000002d9f570 method=com.android.dx.rop.code.RegisterSpec.equals(ILcom/android/dx/rop/type/TypeBearer;Lcom/android/dx/rop/code/LocalItem;)Z @ 16
Event: 4.829 Thread 0x000000001d939000 Uncommon trap: reason=unstable_if action=reinterpret pc=0x0000000002b3b278 method=com.android.dx.rop.code.RegisterSpec.equals(ILcom/android/dx/rop/type/TypeBearer;Lcom/android/dx/rop/code/LocalItem;)Z @ 16

Internal exceptions (2 events):
Event: 0.766 Thread 0x0000000002830800 Exception <a 'java/lang/NoSuchMethodError': Method sun.misc.Unsafe.defineClass(Ljava/lang/String;[BII)Ljava/lang/Class; name or signature does not match> (0x000000076ab07cc0) thrown at [C:\src\android\AOSP-openjdk\external\jetbrains\jdk\hotspot\src\share\vƒç”6ÑË?
Event: 0.766 Thread 0x0000000002830800 Exception <a 'java/lang/NoSuchMethodError': Method sun.misc.Unsafe.prefetchRead(Ljava/lang/Object;J)V name or signature does not match> (0x000000076ab07fa8) thrown at [C:\src\android\AOSP-openjdk\external\jetbrains\jdk\hotspot\src\share\vm\prims\jni.cpp, l

Events (10 events):
Event: 4.825 Thread 0x000000001d939000 DEOPT UNPACKING pc=0x000000000297556a sp=0x000000001e1adda0 mode 2
Event: 4.825 Thread 0x000000001d939000 Uncommon trap: trap_request=0xffffff65 fr.pc=0x0000000002bddac8
Event: 4.825 Thread 0x000000001d939000 DEOPT PACKING pc=0x0000000002bddac8 sp=0x000000001e1ade60
Event: 4.825 Thread 0x000000001d939000 DEOPT UNPACKING pc=0x000000000297556a sp=0x000000001e1addf8 mode 2
Event: 4.829 Thread 0x000000001d939000 Uncommon trap: trap_request=0xffffff65 fr.pc=0x0000000002d9f570
Event: 4.829 Thread 0x000000001d939000 DEOPT PACKING pc=0x0000000002d9f570 sp=0x000000001e1ae670
Event: 4.829 Thread 0x000000001d939000 DEOPT UNPACKING pc=0x000000000297556a sp=0x000000001e1ae448 mode 2
Event: 4.829 Thread 0x000000001d939000 Uncommon trap: trap_request=0xffffff65 fr.pc=0x0000000002b3b278
Event: 4.829 Thread 0x000000001d939000 DEOPT PACKING pc=0x0000000002b3b278 sp=0x000000001e1ae530
Event: 4.829 Thread 0x000000001d939000 DEOPT UNPACKING pc=0x000000000297556a sp=0x000000001e1ae388 mode 2


Dynamic libraries:
0x00007ff69e6a0000 - 0x00007ff69e6d1000 	E:\Program Files\Android\Android Studio\jre\bin\java.exe
0x00007ff9d59d0000 - 0x00007ff9d5ba1000 	C:\WINDOWS\SYSTEM32\ntdll.dll
0x00007ff9d46b0000 - 0x00007ff9d475c000 	C:\WINDOWS\System32\KERNEL32.DLL
0x00007ff9d2a20000 - 0x00007ff9d2c3d000 	C:\WINDOWS\System32\KERNELBASE.dll
0x00007ff9d4ff0000 - 0x00007ff9d5092000 	C:\WINDOWS\System32\ADVAPI32.dll
0x00007ff9d5140000 - 0x00007ff9d51de000 	C:\WINDOWS\System32\msvcrt.dll
0x00007ff9d50e0000 - 0x00007ff9d5139000 	C:\WINDOWS\System32\sechost.dll
0x00007ff9d58a0000 - 0x00007ff9d59c1000 	C:\WINDOWS\System32\RPCRT4.dll
0x00007ff9d44e0000 - 0x00007ff9d4645000 	C:\WINDOWS\System32\USER32.dll
0x00007ff9d1ed0000 - 0x00007ff9d1eee000 	C:\WINDOWS\System32\win32u.dll
0x00007ff9d50a0000 - 0x00007ff9d50d4000 	C:\WINDOWS\System32\GDI32.dll
0x00007ff9d2de0000 - 0x00007ff9d2f60000 	C:\WINDOWS\System32\gdi32full.dll
0x00007ff9c4c70000 - 0x00007ff9c4eea000 	C:\WINDOWS\WinSxS\amd64_microsoft.windows.common-controls_6595b64144ccf1df_6.0.14393.953_none_42151e83c686086b\COMCTL32.dll
0x00007ff9d4a50000 - 0x00007ff9d4d18000 	C:\WINDOWS\System32\combase.dll
0x00007ff9d1ef0000 - 0x00007ff9d1fe5000 	C:\WINDOWS\System32\ucrtbase.dll
0x00007ff9d1ff0000 - 0x00007ff9d205a000 	C:\WINDOWS\System32\bcryptPrimitives.dll
0x00007ff9d48c0000 - 0x00007ff9d48ee000 	C:\WINDOWS\System32\IMM32.DLL
0x0000000052c80000 - 0x0000000052d52000 	E:\Program Files\Android\Android Studio\jre\jre\bin\msvcr100.dll
0x0000000052d60000 - 0x0000000053594000 	E:\Program Files\Android\Android Studio\jre\jre\bin\server\jvm.dll
0x00007ff9d4d90000 - 0x00007ff9d4d98000 	C:\WINDOWS\System32\PSAPI.DLL
0x00007ff9caa90000 - 0x00007ff9caa99000 	C:\WINDOWS\SYSTEM32\WSOCK32.dll
0x00007ff9d4d20000 - 0x00007ff9d4d8a000 	C:\WINDOWS\System32\WS2_32.dll
0x00007ff9cffa0000 - 0x00007ff9cffc3000 	C:\WINDOWS\SYSTEM32\WINMM.dll
0x00007ff9ca4e0000 - 0x00007ff9ca4ea000 	C:\WINDOWS\SYSTEM32\VERSION.dll
0x00007ff9cfde0000 - 0x00007ff9cfe0b000 	C:\WINDOWS\SYSTEM32\WINMMBASE.dll
0x00007ff9d2cf0000 - 0x00007ff9d2d32000 	C:\WINDOWS\System32\cfgmgr32.dll
0x00007ff9caa20000 - 0x00007ff9caa2f000 	E:\Program Files\Android\Android Studio\jre\jre\bin\verify.dll
0x00007ff9c8170000 - 0x00007ff9c8199000 	E:\Program Files\Android\Android Studio\jre\jre\bin\java.dll
0x00007ff9c8bc0000 - 0x00007ff9c8bd6000 	E:\Program Files\Android\Android Studio\jre\jre\bin\zip.dll
0x00007ff9d2f60000 - 0x00007ff9d4468000 	C:\WINDOWS\System32\SHELL32.dll
0x00007ff9d2170000 - 0x00007ff9d284a000 	C:\WINDOWS\System32\windows.storage.dll
0x00007ff9d1e60000 - 0x00007ff9d1eac000 	C:\WINDOWS\System32\powrprof.dll
0x00007ff9d5830000 - 0x00007ff9d5882000 	C:\WINDOWS\System32\shlwapi.dll
0x00007ff9d1e50000 - 0x00007ff9d1e5f000 	C:\WINDOWS\System32\kernel.appcore.dll
0x00007ff9d2c40000 - 0x00007ff9d2ce9000 	C:\WINDOWS\System32\shcore.dll
0x00007ff9d1eb0000 - 0x00007ff9d1ec4000 	C:\WINDOWS\System32\profapi.dll

VM Arguments:
jvm_args: -Djava.awt.headless=true -Xmx4G -Dfile.encoding=GBK -Duser.country=CN -Duser.language=zh -Duser.variant 
java_command: com.android.dx.command.Main --dex --force-jumbo --num-threads=4 --multi-dex --output D:\LaserRadarEAI\HeadControl\app\build\intermediates\transforms\dex\debug\folders\1000\5\slice_9 D:\LaserRadarEAI\HeadControl\app\build\intermediates\transforms\instantRunSlicer\debug\folders\1\5\slice_9
java_class_path (initial): C:\Users\jdrd\AppData\Local\Android\Sdk\build-tools\25.0.3\lib\dx.jar
Launcher Type: SUN_STANDARD

Environment Variables:
PATH=C:\ProgramData\Oracle\Java\javapath;C:\WINDOWS\system32;C:\WINDOWS;C:\WINDOWS\System32\Wbem;C:\WINDOWS\System32\WindowsPowerShell\v1.0\;C:\Program Files\TortoiseSVN\bin;C:\Program Files\Git\cmd;E:\adt-bundle-windows-x86_64-20140702\adt-bundle-windows-x86_64-20140702\sdk\platform-tools;C:\Users\jdrd\AppData\Local\Microsoft\WindowsApps;
USERNAME=jdrd
OS=Windows_NT
PROCESSOR_IDENTIFIER=Intel64 Family 6 Model 60 Stepping 3, GenuineIntel



---------------  S Y S T E M  ---------------

OS: Windows 10.0 , 64 bit Build 14393 (10.0.14393.1198)

CPU:total 4 (4 cores per cpu, 1 threads per core) family 6 model 60 stepping 3, cmov, cx8, fxsr, mmx, sse, sse2, sse3, ssse3, sse4.1, sse4.2, popcnt, avx, avx2, aes, clmul, erms, lzcnt, tsc, tscinvbit, bmi1, bmi2

Memory: 4k page, physical 8257344k(473056k free), swap 15728560k(5196k free)

vm_info: OpenJDK 64-Bit Server VM (25.76-b03) for windows-amd64 JRE (1.8.0_76-release-b03), built on Jun 29 2016 19:09:20 by "ralucas" with MS VC++ 10.0 (VS2010)

time: Tue Jun 27 15:44:48 2017
elapsed time: 4 seconds (0d 0h 0m 4s)

